{
  "RSpec": {
    "coverage": {
      "/Users/bryanflanagan/turing_work/3mod/projects/lunch_and_learn/app/helpers/application_helper.rb": {
        "lines": [
          1,
          null
        ]
      },
      "/Users/bryanflanagan/turing_work/3mod/projects/lunch_and_learn/app/models/user.rb": {
        "lines": [
          1,
          1,
          null,
          1,
          null,
          1,
          1,
          null,
          1,
          1,
          2,
          null,
          null
        ]
      },
      "/Users/bryanflanagan/turing_work/3mod/projects/lunch_and_learn/app/models/application_record.rb": {
        "lines": [
          1,
          1,
          null
        ]
      },
      "/Users/bryanflanagan/turing_work/3mod/projects/lunch_and_learn/app/mailers/application_mailer.rb": {
        "lines": [
          0,
          0,
          0,
          0
        ],
        "branches": {
        }
      },
      "/Users/bryanflanagan/turing_work/3mod/projects/lunch_and_learn/app/serializers/learning_resource_serializer.rb": {
        "lines": [
          0,
          0,
          0,
          0,
          0,
          0,
          0
        ],
        "branches": {
        }
      },
      "/Users/bryanflanagan/turing_work/3mod/projects/lunch_and_learn/app/serializers/videos_serializer.rb": {
        "lines": [
          0,
          0,
          0,
          0,
          0
        ],
        "branches": {
        }
      },
      "/Users/bryanflanagan/turing_work/3mod/projects/lunch_and_learn/app/serializers/recipes_serializer.rb": {
        "lines": [
          0,
          0,
          0,
          0,
          0,
          0,
          0,
          0
        ],
        "branches": {
        }
      },
      "/Users/bryanflanagan/turing_work/3mod/projects/lunch_and_learn/app/serializers/images_serializer.rb": {
        "lines": [
          0,
          0,
          0,
          0,
          0
        ],
        "branches": {
        }
      },
      "/Users/bryanflanagan/turing_work/3mod/projects/lunch_and_learn/app/serializers/empty_serializer.rb": {
        "lines": [
          0,
          0,
          0,
          0,
          0,
          0,
          0
        ],
        "branches": {
        }
      },
      "/Users/bryanflanagan/turing_work/3mod/projects/lunch_and_learn/app/facades/recipe_facade.rb": {
        "lines": [
          0,
          0,
          0,
          0,
          0,
          0
        ],
        "branches": {
        }
      },
      "/Users/bryanflanagan/turing_work/3mod/projects/lunch_and_learn/app/facades/video_facade.rb": {
        "lines": [
          0,
          0,
          0,
          0,
          0,
          0,
          0,
          0,
          0,
          0,
          0
        ],
        "branches": {
        }
      },
      "/Users/bryanflanagan/turing_work/3mod/projects/lunch_and_learn/app/facades/learning_resources_facade.rb": {
        "lines": [
          0,
          0,
          0,
          0,
          0,
          0,
          0
        ],
        "branches": {
        }
      },
      "/Users/bryanflanagan/turing_work/3mod/projects/lunch_and_learn/app/facades/image_facade.rb": {
        "lines": [
          0,
          0,
          0,
          0,
          0,
          0,
          0,
          0,
          0,
          0
        ],
        "branches": {
        }
      },
      "/Users/bryanflanagan/turing_work/3mod/projects/lunch_and_learn/app/poros/image.rb": {
        "lines": [
          0,
          0,
          0,
          null,
          0,
          0,
          0,
          0,
          0
        ],
        "branches": {
        }
      },
      "/Users/bryanflanagan/turing_work/3mod/projects/lunch_and_learn/app/poros/video.rb": {
        "lines": [
          0,
          0,
          0,
          null,
          0,
          0,
          0,
          0,
          0
        ],
        "branches": {
        }
      },
      "/Users/bryanflanagan/turing_work/3mod/projects/lunch_and_learn/app/poros/learning_resource.rb": {
        "lines": [
          0,
          0,
          0,
          0,
          null,
          0,
          0,
          0,
          0,
          0,
          0
        ],
        "branches": {
        }
      },
      "/Users/bryanflanagan/turing_work/3mod/projects/lunch_and_learn/app/poros/recipe.rb": {
        "lines": [
          0,
          0,
          0,
          0,
          0,
          null,
          0,
          0,
          0,
          0,
          0,
          0,
          0
        ],
        "branches": {
        }
      },
      "/Users/bryanflanagan/turing_work/3mod/projects/lunch_and_learn/app/jobs/application_job.rb": {
        "lines": [
          0,
          0
        ],
        "branches": {
        }
      },
      "/Users/bryanflanagan/turing_work/3mod/projects/lunch_and_learn/app/controllers/application_controller.rb": {
        "lines": [
          0,
          0
        ],
        "branches": {
        }
      },
      "/Users/bryanflanagan/turing_work/3mod/projects/lunch_and_learn/app/controllers/api/v1/users_controller.rb": {
        "lines": [
          0,
          0,
          null,
          0,
          null,
          0,
          0,
          0,
          0,
          0,
          0,
          0,
          null,
          0,
          null,
          0,
          null,
          0,
          0,
          0,
          0,
          0
        ],
        "branches": {
        }
      },
      "/Users/bryanflanagan/turing_work/3mod/projects/lunch_and_learn/app/controllers/api/v1/recipes_controller.rb": {
        "lines": [
          0,
          0,
          0,
          0,
          0,
          0,
          0,
          0,
          0,
          0,
          0,
          0,
          0
        ],
        "branches": {
        }
      },
      "/Users/bryanflanagan/turing_work/3mod/projects/lunch_and_learn/app/controllers/api/v1/learning_resources_controller.rb": {
        "lines": [
          0,
          0,
          0,
          0,
          0,
          0
        ],
        "branches": {
        }
      },
      "/Users/bryanflanagan/turing_work/3mod/projects/lunch_and_learn/app/services/images_service.rb": {
        "lines": [
          0,
          0,
          0,
          0,
          null,
          0,
          0,
          0,
          0,
          null,
          0,
          0,
          0,
          0
        ],
        "branches": {
        }
      },
      "/Users/bryanflanagan/turing_work/3mod/projects/lunch_and_learn/app/services/videos_service.rb": {
        "lines": [
          0,
          0,
          0,
          0,
          null,
          0,
          0,
          0,
          0,
          null,
          0,
          0,
          0,
          0
        ],
        "branches": {
        }
      },
      "/Users/bryanflanagan/turing_work/3mod/projects/lunch_and_learn/app/services/recipes_service.rb": {
        "lines": [
          0,
          0,
          0,
          0,
          null,
          0,
          0,
          0,
          0,
          null,
          0,
          0,
          0,
          0
        ],
        "branches": {
        }
      },
      "/Users/bryanflanagan/turing_work/3mod/projects/lunch_and_learn/app/services/countries_service.rb": {
        "lines": [
          0,
          0,
          0,
          0,
          null,
          0,
          0,
          0,
          0,
          0,
          null,
          0,
          0,
          0,
          0,
          0,
          0,
          0,
          0,
          null,
          null,
          null,
          null,
          null,
          null,
          0,
          0,
          0,
          0
        ],
        "branches": {
        }
      },
      "/Users/bryanflanagan/turing_work/3mod/projects/lunch_and_learn/app/channels/application_cable/connection.rb": {
        "lines": [
          0,
          0,
          0,
          0
        ],
        "branches": {
        }
      },
      "/Users/bryanflanagan/turing_work/3mod/projects/lunch_and_learn/app/channels/application_cable/channel.rb": {
        "lines": [
          0,
          0,
          0,
          0
        ],
        "branches": {
        }
      }
    },
    "timestamp": 1678208373
  }
}
